
> theme@3.8.0 start
> npm run dev


> theme@3.8.0 dev
> cross-env NODE_ENV=development tailwindcss --postcss -i ./src/styles.css -o ../static/css/dist/styles.css -w

node:events:496
      throw er; // Unhandled 'error' event
      ^

Error: EBADF: bad file descriptor, read
Emitted 'error' event on ReadStream instance at:
    at emitErrorNT (node:internal/streams/destroy:170:8)
    at errorOrDestroy (node:internal/streams/destroy:239:7)
    at node:internal/fs/streams:272:9
    at FSReqCallback.wrapper [as oncomplete] (node:fs:671:5) {
  errno: -9,
  code: 'EBADF',
  syscall: 'read'
}

Node.js v22.11.0

> theme@3.8.0 start
> npm run dev


> theme@3.8.0 dev
> cross-env NODE_ENV=development tailwindcss --postcss -i ./src/styles.css -o ../static/css/dist/styles.css -w

node:events:496
      throw er; // Unhandled 'error' event
      ^

Error: EBADF: bad file descriptor, read
Emitted 'error' event on ReadStream instance at:
    at emitErrorNT (node:internal/streams/destroy:170:8)
    at errorOrDestroy (node:internal/streams/destroy:239:7)
    at node:internal/fs/streams:272:9
    at FSReqCallback.wrapper [as oncomplete] (node:fs:671:5) {
  errno: -9,
  code: 'EBADF',
  syscall: 'read'
}

Node.js v22.11.0

> theme@3.8.0 start
> npm run dev


> theme@3.8.0 dev
> cross-env NODE_ENV=development tailwindcss --postcss -i ./src/styles.css -o ../static/css/dist/styles.css -w

node:events:496
      throw er; // Unhandled 'error' event
      ^

Error: EBADF: bad file descriptor, read
Emitted 'error' event on ReadStream instance at:
    at emitErrorNT (node:internal/streams/destroy:170:8)
    at errorOrDestroy (node:internal/streams/destroy:239:7)
    at node:internal/fs/streams:272:9
    at FSReqCallback.wrapper [as oncomplete] (node:fs:671:5) {
  errno: -9,
  code: 'EBADF',
  syscall: 'read'
}

Node.js v22.11.0
